[2023-11-17 17:46:04,704]  28 root - INFO - entered the data injestion method or component
[2023-11-17 17:46:04,711]  32 root - INFO - Exported the dataset as dataframe
[2023-11-17 17:46:04,734]  37 root - INFO - Train Test split Initiated
[2023-11-17 17:46:04,762]  43 root - INFO - Injestion of Data is completed
[2023-11-17 17:46:04,781]  92 root - INFO - Read train and test data completed
[2023-11-17 17:46:04,789]  93 root - INFO - Train Dataframe Head : 
  diagnosis  radius_mean  texture_mean  smoothness_mean  compactness_mean  concavity_mean  concave points_mean  symmetry_mean  fractal_dimension_mean  radius_se  texture_se  perimeter_se  area_se  smoothness_se  compactness_se  concavity_se  concave points_se  symmetry_se  fractal_dimension_se  texture_worst  smoothness_worst  compactness_worst  concavity_worst  concave points_worst  symmetry_worst  fractal_dimension_worst
0         B        9.029         17.33          0.10660           0.14130         0.31300              0.04375         0.2111                 0.08046     0.3274      1.1940         1.885    17.67       0.009549         0.08606      0.303800           0.033220      0.04197              0.009559          22.65           0.14820            0.43650          1.25200               0.17500          0.4228                  0.11750
1         M       21.090         26.57          0.11410           0.28320         0.24870              0.14960         0.2395                 0.07398     0.6298      0.7629         4.414    81.46       0.004253         0.04759      0.038720           0.015670      0.01798              0.005295          33.48           0.14910            0.75840          0.67800               0.29030          0.4098                  0.12840
2         B        9.173         13.86          0.07721           0.08751         0.05988              0.02180         0.2341                 0.06963     0.4098      2.2650         2.608    23.52       0.008738         0.03938      0.043120           0.015600      0.04192              0.005822          19.23           0.09836            0.16780          0.13970               0.05087          0.3282                  0.08490
3         B       10.650         25.22          0.09657           0.07234         0.02379              0.01615         0.1897                 0.06329     0.2497      1.4930         1.497    16.64       0.007189         0.01035      0.010810           0.006245      0.02158              0.002619          35.19           0.14990            0.13980          0.11250               0.06136          0.3409                  0.08147
4         B       10.170         14.88          0.11340           0.08061         0.01084              0.01290         0.2743                 0.06960     0.5158      1.4410         3.312    34.62       0.007514         0.01099      0.007665           0.008193      0.04183              0.005953          17.45           0.12750            0.09866          0.02168               0.02579          0.3557                  0.08020
[2023-11-17 17:46:04,796]  94 root - INFO - Test Dataframe Head  : 
  diagnosis  radius_mean  texture_mean  smoothness_mean  compactness_mean  concavity_mean  concave points_mean  symmetry_mean  fractal_dimension_mean  radius_se  texture_se  perimeter_se  area_se  smoothness_se  compactness_se  concavity_se  concave points_se  symmetry_se  fractal_dimension_se  texture_worst  smoothness_worst  compactness_worst  concavity_worst  concave points_worst  symmetry_worst  fractal_dimension_worst
0         B        12.47         18.60          0.09965            0.1058         0.08005              0.03821         0.1925                 0.06373     0.3961      1.0440         2.497    30.29       0.006953         0.01911       0.02701            0.01037      0.01782              0.003586          24.64            0.1426             0.2378           0.2671               0.10150          0.3014                  0.08750
1         M        18.94         21.31          0.09009            0.1029         0.10800              0.07951         0.1582                 0.05461     0.7888      0.7975         5.486    96.05       0.004444         0.01652       0.02269            0.01370      0.01386              0.001698          26.58            0.1193             0.2336           0.2687               0.17890          0.2551                  0.06589
2         M        15.46         19.48          0.10920            0.1223         0.14660              0.08087         0.1931                 0.05796     0.4743      0.7859         3.094    48.31       0.006240         0.01484       0.02813            0.01093      0.01397              0.002461          26.00            0.1546             0.2394           0.3791               0.15140          0.2837                  0.08019
3         B        12.40         17.68          0.10540            0.1316         0.07741              0.02799         0.1811                 0.07102     0.1767      1.4600         2.204    15.43       0.010000         0.03295       0.04861            0.01167      0.02187              0.006005          22.91            0.1450             0.2629           0.2403               0.07370          0.2556                  0.09359
4         B        11.54         14.44          0.09984            0.1120         0.06737              0.02594         0.1818                 0.06782     0.2784      1.7680         1.628    20.86       0.012150         0.04112       0.05553            0.01494      0.01840              0.005512          19.68            0.1345             0.2118           0.1797               0.06918          0.2329                  0.08134
[2023-11-17 17:46:04,796]  96 root - INFO - Obtaining preprocessing object
[2023-11-17 17:46:04,796]  29 root - INFO - Data Transformation initiated
[2023-11-17 17:46:04,796]  59 root - INFO - Pipeline Initiated
[2023-11-17 17:46:04,803]  116 root - INFO - Applying preprocessing object on training and testing datasets.
[2023-11-17 17:46:04,809]  132 root - INFO - Preprocessor pickle file saved
[2023-11-17 17:46:04,810]  38 root - INFO - splitting dependent and independent features from train and test data
[2023-11-17 17:46:04,828]  89 root - INFO - Exception occured during model evaluation
[2023-11-17 17:46:04,828]  60 root - INFO - Exception occured during model evaluation
[2023-11-17 17:46:04,828]  25 root - INFO - error occured in trainering_pipeline
